<?xml version="1.0" encoding="UTF-8"?>
<robot generator="Robot 5.0.1 (Python 3.9.13 on win32)" generated="20220712 08:52:14.389" rpa="false" schemaversion="3">
<suite id="s1" name="apiTask" source="C:\Users\omowu\PycharmProjects\apiTest\apiTask.robot">
<test id="s1-t1" name="successful scenario of getting data from the API" line="16">
<kw name="Retrieve state population with correct parameters">
<kw name="Create Dictionary" library="BuiltIn">
<var>${params}</var>
<arg>drilldowns=State</arg>
<arg>measures=Population</arg>
<arg>year=latest</arg>
<doc>Creates and returns a dictionary based on the given ``items``.</doc>
<msg timestamp="20220712 08:52:15.044" level="INFO">${params} = {'drilldowns': 'State', 'measures': 'Population', 'year': 'latest'}</msg>
<status status="PASS" starttime="20220712 08:52:15.044" endtime="20220712 08:52:15.044"/>
</kw>
<kw name="Create Session" library="RequestsLibrary">
<arg>testing</arg>
<arg>${base_url}</arg>
<arg>verify=true</arg>
<doc>Create Session: create a HTTP session to a server</doc>
<msg timestamp="20220712 08:52:15.044" level="INFO">Creating Session using : alias=testing, url=https://datausa.io, headers={},                     cookies={}, auth=None, timeout=None, proxies=None, verify=True,                     debug=0 </msg>
<status status="PASS" starttime="20220712 08:52:15.044" endtime="20220712 08:52:15.044"/>
</kw>
<kw name="GET On Session" library="RequestsLibrary">
<var>${resp}</var>
<arg>testing</arg>
<arg>/api/data</arg>
<arg>params=${params}</arg>
<doc>Sends a GET request on a previously created HTTP Session.</doc>
<msg timestamp="20220712 08:52:15.218" level="INFO">GET Request : url=https://datausa.io/api/data?drilldowns=State&amp;measures=Population&amp;year=latest 
 path_url=/api/data?drilldowns=State&amp;measures=Population&amp;year=latest 
 headers={'User-Agent': 'python-requests/2.28.1', 'Accept-Encoding': 'gzip, deflate', 'Accept': '*/*', 'Connection': 'keep-alive'} 
 body=None 
 </msg>
<msg timestamp="20220712 08:52:15.218" level="INFO">GET Response : url=https://datausa.io/api/data?drilldowns=State&amp;measures=Population&amp;year=latest 
 status=200, reason=OK 
 headers={'Date': 'Tue, 12 Jul 2022 05:52:14 GMT', 'Content-Type': 'application/json; charset=utf-8', 'Transfer-Encoding': 'chunked', 'Connection': 'keep-alive', 'x-dns-prefetch-control': 'off', 'strict-transport-security': 'max-age=15552000; includeSubDomains', 'x-download-options': 'noopen', 'x-content-type-options': 'nosniff', 'x-xss-protection': '1; mode=block', 'content-language': 'en', 'etag': 'W/"1a0a-YKhvjlK5TfF/OpWYC7073SHdduE"', 'vary': 'Accept-Encoding', 'Content-Encoding': 'gzip', 'last-modified': 'Mon, 02 May 2022 17:49:27 GMT', 'x-cache-status': 'HIT', 'x-frame-options': 'SAMEORIGIN', 'access-control-allow-origin': '*', 'access-control-allow-credentials': 'true', 'access-control-allow-methods': 'GET, POST, OPTIONS', 'access-control-allow-headers': 'DNT,X-CustomHeader,Keep-Alive,User-Agent,X-Requested-With,If-Modified-Since,Cache-Control,Content-Type', 'x-cache-key': 'GET/api/data?drilldowns=State&amp;measures=Population&amp;year=latest', 'Cache-Control': 'max-age=1800', 'CF-Cache-Status': 'HIT', 'Age': '215462', 'Expect-CT': 'max-age=604800, report-uri="https://report-uri.cloudflare.com/cdn-cgi/beacon/expect-ct"', 'Report-To': '{"endpoints":[{"url":"https:\\/\\/a.nel.cloudflare.com\\/report\\/v3?s=Rr%2FUjoCHwUmoUUd24E6pN%2B%2FoMHWLx4iSaSziutrtURpRypcf1ZHvMV3RqqcmtG9FZSPjeW%2BhgdWrR1yLhSR69FEOEcOeIPb2CV%2B1NSgXfL9YDR0Cmd0fFZ2nb%2FU%3D"}],"group":"cf-nel","max_age":604800}', 'NEL': '{"success_fraction":0,"report_to":"cf-nel","max_age":604800}', 'Server': 'cloudflare', 'CF-RAY': '729782f7eb0db803-RIX'} 
 body={"data":[{"ID State":"04000US01","State":"Alabama","ID Year":2019,"Year":"2019","Population":4903185,"Slug State":"alabama"},{"ID State":"04000US02","State":"Alaska","ID Year":2019,"Year":"2019","Population":731545,"Slug State":"alaska"},{"ID State":"04000US04","State":"Arizona","ID Year":2019,"Year":"2019","Population":7278717,"Slug State":"arizona"},{"ID State":"04000US05","State":"Arkansas","ID Year":2019,"Year":"2019","Population":3017804,"Slug State":"arkansas"},{"ID State":"04000US06","State":"California","ID Year":2019,"Year":"2019","Population":39512223,"Slug State":"california"},{"ID State":"04000US08","State":"Colorado","ID Year":2019,"Year":"2019","Population":5758736,"Slug State":"colorado"},{"ID State":"04000US09","State":"Connecticut","ID Year":2019,"Year":"2019","Population":3565287,"Slug State":"connecticut"},{"ID State":"04000US10","State":"Delaware","ID Year":2019,"Year":"2019","Population":973764,"Slug State":"delaware"},{"ID State":"04000US11","State":"District of Columbia","ID Year":2019,"Year":"2019","Population":705749,"Slug State":"district-of-columbia"},{"ID State":"04000US12","State":"Florida","ID Year":2019,"Year":"2019","Population":21477737,"Slug State":"florida"},{"ID State":"04000US13","State":"Georgia","ID Year":2019,"Year":"2019","Population":10617423,"Slug State":"georgia"},{"ID State":"04000US15","State":"Hawaii","ID Year":2019,"Year":"2019","Population":1415872,"Slug State":"hawaii"},{"ID State":"04000US16","State":"Idaho","ID Year":2019,"Year":"2019","Population":1787065,"Slug State":"idaho"},{"ID State":"04000US17","State":"Illinois","ID Year":2019,"Year":"2019","Population":12671821,"Slug State":"illinois"},{"ID State":"04000US18","State":"Indiana","ID Year":2019,"Year":"2019","Population":6732219,"Slug State":"indiana"},{"ID State":"04000US19","State":"Iowa","ID Year":2019,"Year":"2019","Population":3155070,"Slug State":"iowa"},{"ID State":"04000US20","State":"Kansas","ID Year":2019,"Year":"2019","Population":2913314,"Slug State":"kansas"},{"ID State":"04000US21","State":"Kentucky","ID Year":2019,"Year":"2019","Population":4467673,"Slug State":"kentucky"},{"ID State":"04000US22","State":"Louisiana","ID Year":2019,"Year":"2019","Population":4648794,"Slug State":"louisiana"},{"ID State":"04000US23","State":"Maine","ID Year":2019,"Year":"2019","Population":1344212,"Slug State":"maine"},{"ID State":"04000US24","State":"Maryland","ID Year":2019,"Year":"2019","Population":6045680,"Slug State":"maryland"},{"ID State":"04000US25","State":"Massachusetts","ID Year":2019,"Year":"2019","Population":6892503,"Slug State":"massachusetts"},{"ID State":"04000US26","State":"Michigan","ID Year":2019,"Year":"2019","Population":9986857,"Slug State":"michigan"},{"ID State":"04000US27","State":"Minnesota","ID Year":2019,"Year":"2019","Population":5639632,"Slug State":"minnesota"},{"ID State":"04000US28","State":"Mississippi","ID Year":2019,"Year":"2019","Population":2976149,"Slug State":"mississippi"},{"ID State":"04000US29","State":"Missouri","ID Year":2019,"Year":"2019","Population":6137428,"Slug State":"missouri"},{"ID State":"04000US30","State":"Montana","ID Year":2019,"Year":"2019","Population":1068778,"Slug State":"montana"},{"ID State":"04000US31","State":"Nebraska","ID Year":2019,"Year":"2019","Population":1934408,"Slug State":"nebraska"},{"ID State":"04000US32","State":"Nevada","ID Year":2019,"Year":"2019","Population":3080156,"Slug State":"nevada"},{"ID State":"04000US33","State":"New Hampshire","ID Year":2019,"Year":"2019","Population":1359711,"Slug State":"new-hampshire"},{"ID State":"04000US34","State":"New Jersey","ID Year":2019,"Year":"2019","Population":8882190,"Slug State":"new-jersey"},{"ID State":"04000US35","State":"New Mexico","ID Year":2019,"Year":"2019","Population":2096829,"Slug State":"new-mexico"},{"ID State":"04000US36","State":"New York","ID Year":2019,"Year":"2019","Population":19453561,"Slug State":"new-york"},{"ID State":"04000US37","State":"North Carolina","ID Year":2019,"Year":"2019","Population":10488084,"Slug State":"north-carolina"},{"ID State":"04000US38","State":"North Dakota","ID Year":2019,"Year":"2019","Population":762062,"Slug State":"north-dakota"},{"ID State":"04000US39","State":"Ohio","ID Year":2019,"Year":"2019","Population":11689100,"Slug State":"ohio"},{"ID State":"04000US40","State":"Oklahoma","ID Year":2019,"Year":"2019","Population":3956971,"Slug State":"oklahoma"},{"ID State":"04000US41","State":"Oregon","ID Year":2019,"Year":"2019","Population":4217737,"Slug State":"oregon"},{"ID State":"04000US42","State":"Pennsylvania","ID Year":2019,"Year":"2019","Population":12801989,"Slug State":"pennsylvania"},{"ID State":"04000US44","State":"Rhode Island","ID Year":2019,"Year":"2019","Population":1059361,"Slug State":"rhode-island"},{"ID State":"04000US45","State":"South Carolina","ID Year":2019,"Year":"2019","Population":5148714,"Slug State":"south-carolina"},{"ID State":"04000US46","State":"South Dakota","ID Year":2019,"Year":"2019","Population":884659,"Slug State":"south-dakota"},{"ID State":"04000US47","State":"Tennessee","ID Year":2019,"Year":"2019","Population":6829174,"Slug State":"tennessee"},{"ID State":"04000US48","State":"Texas","ID Year":2019,"Year":"2019","Population":28995881,"Slug State":"texas"},{"ID State":"04000US49","State":"Utah","ID Year":2019,"Year":"2019","Population":3205958,"Slug State":"utah"},{"ID State":"04000US50","State":"Vermont","ID Year":2019,"Year":"2019","Population":623989,"Slug State":"vermont"},{"ID State":"04000US51","State":"Virginia","ID Year":2019,"Year":"2019","Population":8535519,"Slug State":"virginia"},{"ID State":"04000US53","State":"Washington","ID Year":2019,"Year":"2019","Population":7614893,"Slug State":"washington"},{"ID State":"04000US54","State":"West Virginia","ID Year":2019,"Year":"2019","Population":1792147,"Slug State":"west-virginia"},{"ID State":"04000US55","State":"Wisconsin","ID Year":2019,"Year":"2019","Population":5822434,"Slug State":"wisconsin"},{"ID State":"04000US56","State":"Wyoming","ID Year":2019,"Year":"2019","Population":578759,"Slug State":"wyoming"},{"ID State":"04000US72","State":"Puerto Rico","ID Year":2019,"Year":"2019","Population":3193694,"Slug State":"puerto-rico"}],"source":[{"measures":["Population"],"annotations":{"source_name":"Census Bureau","source_description":"The American Community Survey (ACS) is conducted by the US Census and sent to a portion of the population every year.","dataset_name":"ACS 1-year Estimate","dataset_link":"http://www.census.gov/programs-surveys/acs/","table_id":"B01003","topic":"Diversity","subtopic":"Demographics"},"name":"acs_yg_total_population_1","substitutions":[]}]} 
 </msg>
<msg timestamp="20220712 08:52:15.218" level="INFO">${resp} = &lt;Response [200]&gt;</msg>
<status status="PASS" starttime="20220712 08:52:15.044" endtime="20220712 08:52:15.218"/>
</kw>
<kw name="Status Should Be" library="RequestsLibrary">
<arg>200</arg>
<arg>${resp}</arg>
<doc>Fails if response status code is different than the expected.</doc>
<status status="PASS" starttime="20220712 08:52:15.218" endtime="20220712 08:52:15.218"/>
</kw>
<status status="PASS" starttime="20220712 08:52:15.044" endtime="20220712 08:52:15.218"/>
</kw>
<status status="PASS" starttime="20220712 08:52:15.043" endtime="20220712 08:52:15.223"/>
</test>
<test id="s1-t2" name="Unsuccesful scenario with wrong parameters" line="18">
<kw name="Retrieve state population with wrong parameters">
<kw name="Create Dictionary" library="BuiltIn">
<var>${params}</var>
<arg>drilldowns=Stata</arg>
<arg>measures=Populations</arg>
<arg>year=latest</arg>
<doc>Creates and returns a dictionary based on the given ``items``.</doc>
<msg timestamp="20220712 08:52:15.230" level="INFO">${params} = {'drilldowns': 'Stata', 'measures': 'Populations', 'year': 'latest'}</msg>
<status status="PASS" starttime="20220712 08:52:15.230" endtime="20220712 08:52:15.230"/>
</kw>
<kw name="Create Session" library="RequestsLibrary">
<arg>tester</arg>
<arg>${base_url}</arg>
<arg>verify=true</arg>
<doc>Create Session: create a HTTP session to a server</doc>
<msg timestamp="20220712 08:52:15.230" level="INFO">Creating Session using : alias=tester, url=https://datausa.io, headers={},                     cookies={}, auth=None, timeout=None, proxies=None, verify=True,                     debug=0 </msg>
<status status="PASS" starttime="20220712 08:52:15.230" endtime="20220712 08:52:15.230"/>
</kw>
<kw name="GET On Session" library="RequestsLibrary">
<var>${response}</var>
<arg>tester</arg>
<arg>/api/data</arg>
<arg>params=${params}</arg>
<doc>Sends a GET request on a previously created HTTP Session.</doc>
<msg timestamp="20220712 08:52:15.377" level="INFO">GET Request : url=https://datausa.io/api/data?drilldowns=Stata&amp;measures=Populations&amp;year=latest 
 path_url=/api/data?drilldowns=Stata&amp;measures=Populations&amp;year=latest 
 headers={'User-Agent': 'python-requests/2.28.1', 'Accept-Encoding': 'gzip, deflate', 'Accept': '*/*', 'Connection': 'keep-alive'} 
 body=None 
 </msg>
<msg timestamp="20220712 08:52:15.377" level="INFO">GET Response : url=https://datausa.io/api/data?drilldowns=Stata&amp;measures=Populations&amp;year=latest 
 status=200, reason=OK 
 headers={'Date': 'Tue, 12 Jul 2022 05:52:14 GMT', 'Content-Type': 'application/json; charset=utf-8', 'Content-Length': '23', 'Connection': 'keep-alive', 'x-dns-prefetch-control': 'off', 'strict-transport-security': 'max-age=15552000; includeSubDomains', 'x-download-options': 'noopen', 'x-content-type-options': 'nosniff', 'x-xss-protection': '1; mode=block', 'content-language': 'en', 'etag': 'W/"17-Z9Mno/kjPQyR3NeMOi+PTdZbR0w"', 'vary': 'Accept-Encoding', 'last-modified': 'Tue, 12 Jul 2022 05:05:47 GMT', 'x-cache-status': 'MISS', 'x-frame-options': 'SAMEORIGIN', 'access-control-allow-origin': '*', 'access-control-allow-credentials': 'true', 'access-control-allow-methods': 'GET, POST, OPTIONS', 'access-control-allow-headers': 'DNT,X-CustomHeader,Keep-Alive,User-Agent,X-Requested-With,If-Modified-Since,Cache-Control,Content-Type', 'x-cache-key': 'GET/api/data?drilldowns=Stata&amp;measures=Populations&amp;year=latest', 'Cache-Control': 'max-age=1800', 'CF-Cache-Status': 'HIT', 'Age': '2787', 'Accept-Ranges': 'bytes', 'Expect-CT': 'max-age=604800, report-uri="https://report-uri.cloudflare.com/cdn-cgi/beacon/expect-ct"', 'Report-To': '{"endpoints":[{"url":"https:\\/\\/a.nel.cloudflare.com\\/report\\/v3?s=aldtxPOZ34fp01QAxLJEkRTp83ZU8OaBQDal1ubhp3bvqxJ58eN9rfU%2FnyQdouL8WqLQY%2BeB834yZRCzaKV6bxrgHbfhsDkizREF%2BBiQWx51whEOyEnXQyGvQvs%3D"}],"group":"cf-nel","max_age":604800}', 'NEL': '{"success_fraction":0,"report_to":"cf-nel","max_age":604800}', 'Server': 'cloudflare', 'CF-RAY': '729782f8eeb5b80a-RIX'} 
 body={"data":[],"source":[]} 
 </msg>
<msg timestamp="20220712 08:52:15.377" level="INFO">${response} = &lt;Response [200]&gt;</msg>
<status status="PASS" starttime="20220712 08:52:15.230" endtime="20220712 08:52:15.377"/>
</kw>
<kw name="Convert To String" library="BuiltIn">
<var>${Actual_code}</var>
<arg>${response.status_code}</arg>
<doc>Converts the given item to a Unicode string.</doc>
<msg timestamp="20220712 08:52:15.377" level="INFO">${Actual_code} = 200</msg>
<status status="PASS" starttime="20220712 08:52:15.377" endtime="20220712 08:52:15.377"/>
</kw>
<kw name="Should Be Equal" library="BuiltIn">
<arg>${Actual_code}</arg>
<arg>200</arg>
<doc>Fails if the given objects are unequal.</doc>
<status status="PASS" starttime="20220712 08:52:15.377" endtime="20220712 08:52:15.377"/>
</kw>
<status status="PASS" starttime="20220712 08:52:15.229" endtime="20220712 08:52:15.377"/>
</kw>
<status status="PASS" starttime="20220712 08:52:15.227" endtime="20220712 08:52:15.384"/>
</test>
<doc>Tests for REST API to query data from USA</doc>
<status status="PASS" starttime="20220712 08:52:14.392" endtime="20220712 08:52:15.389"/>
</suite>
<statistics>
<total>
<stat pass="2" fail="0" skip="0">All Tests</stat>
</total>
<tag>
</tag>
<suite>
<stat pass="2" fail="0" skip="0" id="s1" name="apiTask">apiTask</stat>
</suite>
</statistics>
<errors>
</errors>
</robot>
